2012-02-25 11:34:25,015 [7] ?.lambda_method(:0) - NHibernate 3.2.0.4000 (3.2.0.4000)

2012-02-25 11:34:25,109 [7] ?.lambda_method(:0) - hibernate-configuration section not found in application configuration file

2012-02-25 11:34:25,109 [7] ?.lambda_method(:0) - Bytecode provider name : lcg

2012-02-25 11:34:25,109 [7] ?.lambda_method(:0) - Using reflection optimizer

2012-02-25 11:34:25,265 [7] ?.lambda_method(:0) - connection.provider=NHibernate.Connection.DriverConnectionProvider

2012-02-25 11:34:25,265 [7] ?.lambda_method(:0) - connection.driver_class=NHibernate.Driver.SqlClientDriver

2012-02-25 11:34:25,265 [7] ?.lambda_method(:0) - dialect=NHibernate.Dialect.MsSql2005Dialect

2012-02-25 11:34:25,265 [7] ?.lambda_method(:0) - connection.connection_string=Server=(local);initial catalog=BeautySalonManagement;Integrated Security=SSPI

2012-02-25 11:34:25,265 [7] ?.lambda_method(:0) - connection.release_mode=auto

2012-02-25 11:34:25,265 [7] ?.lambda_method(:0) - show_sql=true

2012-02-25 11:34:25,265 [7] ?.lambda_method(:0) - adonet.batch_size=500

2012-02-25 11:34:25,265 [7] ?.lambda_method(:0) - properties: System.Collections.Generic.Dictionary`2[System.String,System.String]

2012-02-25 11:34:25,281 [7] ?.lambda_method(:0) - No mapped documents found in assembly: BeautySalonManagement.Infrastructure, Version=1.0.0.0, Culture=neutral, PublicKeyToken=null

2012-02-25 11:34:25,781 [7] ?.lambda_method(:0) - Mapping XML:
<hibernate-mapping xmlns="urn:nhibernate-mapping-2.2"><class xmlns="urn:nhibernate-mapping-2.2" name="BeautySalonManagement.Domain.Peoples.Customer, BeautySalonManagement.Domain, Version=1.0.0.0, Culture=neutral, PublicKeyToken=null" table="Customers"><id name="Id" type="System.Int32, mscorlib, Version=4.0.0.0, Culture=neutral, PublicKeyToken=b77a5c561934e089"><column name="CustomerId" /><generator class="identity" /></id></class></hibernate-mapping>

2012-02-25 11:34:25,953 [7] ?.lambda_method(:0) - Using dialect: NHibernate.Dialect.MsSql2005Dialect

2012-02-25 11:34:26,093 [7] ?.lambda_method(:0) - Mapping class: BeautySalonManagement.Domain.Peoples.Customer -> Customers

2012-02-25 11:34:26,125 [7] ?.lambda_method(:0) - Mapped property: Id -> CustomerId, type: Int32

2012-02-25 11:34:26,156 [7] ?.lambda_method(:0) - Mapping XML:
<hibernate-mapping xmlns="urn:nhibernate-mapping-2.2"><class xmlns="urn:nhibernate-mapping-2.2" name="BeautySalonManagement.Domain.Peoples.Employee, BeautySalonManagement.Domain, Version=1.0.0.0, Culture=neutral, PublicKeyToken=null" table="Employees"><id name="Id" type="System.Int32, mscorlib, Version=4.0.0.0, Culture=neutral, PublicKeyToken=b77a5c561934e089"><column name="EmployeeId" /><generator class="identity" /></id><property name="EmployeeNo" type="System.String, mscorlib, Version=4.0.0.0, Culture=neutral, PublicKeyToken=b77a5c561934e089"><column name="EmployeeNo" /></property><property name="Name" type="System.String, mscorlib, Version=4.0.0.0, Culture=neutral, PublicKeyToken=b77a5c561934e089"><column name="Name" /></property><property name="Password" type="System.String, mscorlib, Version=4.0.0.0, Culture=neutral, PublicKeyToken=b77a5c561934e089"><column name="Password" /></property><property name="Salt" type="System.String, mscorlib, Version=4.0.0.0, Culture=neutral, PublicKeyToken=b77a5c561934e089"><column name="Salt" /></property><many-to-one class="BeautySalonManagement.Domain.Permissions.PermissionGroup, BeautySalonManagement.Domain, Version=1.0.0.0, Culture=neutral, PublicKeyToken=null" name="PermissionGroup"><column name="PermissionGroupId" /></many-to-one></class></hibernate-mapping>

2012-02-25 11:34:26,171 [7] ?.lambda_method(:0) - Using dialect: NHibernate.Dialect.MsSql2005Dialect

2012-02-25 11:34:26,171 [7] ?.lambda_method(:0) - Mapping class: BeautySalonManagement.Domain.Peoples.Employee -> Employees

2012-02-25 11:34:26,171 [7] ?.lambda_method(:0) - Mapped property: Id -> EmployeeId, type: Int32

2012-02-25 11:34:26,187 [7] ?.lambda_method(:0) - Mapped property: EmployeeNo -> EmployeeNo, type: String

2012-02-25 11:34:26,187 [7] ?.lambda_method(:0) - Mapped property: Name -> Name, type: String

2012-02-25 11:34:26,187 [7] ?.lambda_method(:0) - Mapped property: Password -> Password, type: String

2012-02-25 11:34:26,187 [7] ?.lambda_method(:0) - Mapped property: Salt -> Salt, type: String

2012-02-25 11:34:26,187 [7] ?.lambda_method(:0) - Mapped property: PermissionGroup -> PermissionGroupId, type: BeautySalonManagement.Domain.Permissions.PermissionGroup

2012-02-25 11:34:26,218 [7] ?.lambda_method(:0) - Mapping XML:
<hibernate-mapping xmlns="urn:nhibernate-mapping-2.2"><class xmlns="urn:nhibernate-mapping-2.2" name="BeautySalonManagement.Domain.Permissions.PermissionGroup, BeautySalonManagement.Domain, Version=1.0.0.0, Culture=neutral, PublicKeyToken=null" table="PermissionGroups"><id name="Id" type="System.Int32, mscorlib, Version=4.0.0.0, Culture=neutral, PublicKeyToken=b77a5c561934e089"><column name="PermissionGroupId" /><generator class="identity" /></id><bag cascade="all" lazy="true" name="PermissionItems" table="PermissionGroup_PermissionItem_Relationship"><key><column name="PermissionGroupId" /></key><many-to-many class="BeautySalonManagement.Domain.Permissions.PermissionItem, BeautySalonManagement.Domain, Version=1.0.0.0, Culture=neutral, PublicKeyToken=null"><column name="PermissionItemId" /></many-to-many></bag><property name="Name" type="System.String, mscorlib, Version=4.0.0.0, Culture=neutral, PublicKeyToken=b77a5c561934e089"><column name="Name" /></property></class></hibernate-mapping>

2012-02-25 11:34:26,250 [7] ?.lambda_method(:0) - Using dialect: NHibernate.Dialect.MsSql2005Dialect

2012-02-25 11:34:26,250 [7] ?.lambda_method(:0) - Mapping class: BeautySalonManagement.Domain.Permissions.PermissionGroup -> PermissionGroups

2012-02-25 11:34:26,250 [7] ?.lambda_method(:0) - Mapped property: Id -> PermissionGroupId, type: Int32

2012-02-25 11:34:26,265 [7] ?.lambda_method(:0) - Mapping collection: BeautySalonManagement.Domain.Permissions.PermissionGroup.PermissionItems -> PermissionGroup_PermissionItem_Relationship

2012-02-25 11:34:26,281 [7] ?.lambda_method(:0) - Mapped property: PermissionItems, type: System.Collections.Generic.ICollection`1[[BeautySalonManagement.Domain.Permissions.PermissionItem, BeautySalonManagement.Domain, Version=1.0.0.0, Culture=neutral, PublicKeyToken=null]](BeautySalonManagement.Domain.Permissions.PermissionGroup.PermissionItems)

2012-02-25 11:34:26,281 [7] ?.lambda_method(:0) - Mapped property: Name -> Name, type: String

2012-02-25 11:34:26,296 [7] ?.lambda_method(:0) - Mapping XML:
<hibernate-mapping xmlns="urn:nhibernate-mapping-2.2"><class xmlns="urn:nhibernate-mapping-2.2" name="BeautySalonManagement.Domain.Permissions.PermissionItem, BeautySalonManagement.Domain, Version=1.0.0.0, Culture=neutral, PublicKeyToken=null" table="PermissionItems"><id name="Id" type="System.Int32, mscorlib, Version=4.0.0.0, Culture=neutral, PublicKeyToken=b77a5c561934e089"><column name="PermissionItemId" /><generator class="identity" /></id><property name="Description" type="BeautySalonManagement.Domain.UserType.PermissionDescriptionUserType, BeautySalonManagement.Domain, Version=1.0.0.0, Culture=neutral, PublicKeyToken=null"><column name="Description" /></property><property name="Behavior" type="BeautySalonManagement.Domain.UserType.PermissionBehaviorUserType, BeautySalonManagement.Domain, Version=1.0.0.0, Culture=neutral, PublicKeyToken=null"><column name="Behavior" /></property></class></hibernate-mapping>

2012-02-25 11:34:26,296 [7] ?.lambda_method(:0) - Using dialect: NHibernate.Dialect.MsSql2005Dialect

2012-02-25 11:34:26,296 [7] ?.lambda_method(:0) - Mapping class: BeautySalonManagement.Domain.Permissions.PermissionItem -> PermissionItems

2012-02-25 11:34:26,296 [7] ?.lambda_method(:0) - Mapped property: Id -> PermissionItemId, type: Int32

2012-02-25 11:34:26,296 [7] ?.lambda_method(:0) - Mapped property: Description -> Description, type: PermissionDescriptionUserType

2012-02-25 11:34:26,296 [7] ?.lambda_method(:0) - Mapped property: Behavior -> Behavior, type: PermissionBehaviorUserType

2012-02-25 11:34:26,296 [7] ?.lambda_method(:0) - checking mappings queue

2012-02-25 11:34:26,296 [7] ?.lambda_method(:0) - processing one-to-many association mappings

2012-02-25 11:34:26,296 [7] ?.lambda_method(:0) - Second pass for collection: BeautySalonManagement.Domain.Permissions.PermissionGroup.PermissionItems

2012-02-25 11:34:26,312 [7] ?.lambda_method(:0) - Mapped collection key: PermissionGroupId, element: PermissionItemId, type: BeautySalonManagement.Domain.Permissions.PermissionItem

2012-02-25 11:34:26,312 [7] ?.lambda_method(:0) - processing one-to-one association property references

2012-02-25 11:34:26,312 [7] ?.lambda_method(:0) - processing foreign key constraints

2012-02-25 11:34:26,312 [7] ?.lambda_method(:0) - resolving reference to class: BeautySalonManagement.Domain.Permissions.PermissionGroup

2012-02-25 11:34:26,312 [7] ?.lambda_method(:0) - resolving reference to class: BeautySalonManagement.Domain.Permissions.PermissionItem

2012-02-25 11:34:26,312 [7] ?.lambda_method(:0) - resolving reference to class: BeautySalonManagement.Domain.Permissions.PermissionGroup

2012-02-25 11:34:26,328 [7] ?.lambda_method(:0) - processing filters (second pass)

2012-02-25 11:34:26,343 [7] ?.lambda_method(:0) - Using dialect: NHibernate.Dialect.MsSql2005Dialect

2012-02-25 11:34:26,359 [7] ?.lambda_method(:0) - Using dialect: NHibernate.Dialect.MsSql2005Dialect

2012-02-25 11:34:26,406 [7] ?.lambda_method(:0) - Using dialect defined converter

2012-02-25 11:34:26,406 [7] ?.lambda_method(:0) - Generate SQL with comments: disabled

2012-02-25 11:34:26,406 [7] ?.lambda_method(:0) - Initializing connection provider: NHibernate.Connection.DriverConnectionProvider

2012-02-25 11:34:26,421 [7] ?.lambda_method(:0) - Configuring ConnectionProvider

2012-02-25 11:34:26,421 [7] ?.lambda_method(:0) - Transaction factory: NHibernate.Transaction.AdoNetWithDistributedTransactionFactory

2012-02-25 11:34:26,421 [7] ?.lambda_method(:0) - Optimize cache for minimal puts: False

2012-02-25 11:34:26,421 [7] ?.lambda_method(:0) - Connection release mode: auto

2012-02-25 11:34:26,421 [7] ?.lambda_method(:0) - Default batch fetch size: 1

2012-02-25 11:34:26,421 [7] ?.lambda_method(:0) - echoing all SQL to stdout

2012-02-25 11:34:26,421 [7] ?.lambda_method(:0) - Statistics: disabled

2012-02-25 11:34:26,421 [7] ?.lambda_method(:0) - Deleted entity synthetic identifier rollback: disabled

2012-02-25 11:34:26,421 [7] ?.lambda_method(:0) - Query translator: NHibernate.Hql.Ast.ANTLR.ASTQueryTranslatorFactory

2012-02-25 11:34:26,437 [7] ?.lambda_method(:0) - Query language substitutions: {'true'='1', 'false'='0', 'yes'=''Y'', 'no'=''N''}

2012-02-25 11:34:26,437 [7] ?.lambda_method(:0) - cache provider: NHibernate.Cache.NoCacheProvider, NHibernate, Version=3.2.0.4000, Culture=neutral, PublicKeyToken=aa95f207798dfdb4

2012-02-25 11:34:26,437 [7] ?.lambda_method(:0) - Order SQL inserts for batching: enabled

2012-02-25 11:34:26,437 [7] ?.lambda_method(:0) - Wrap result sets: disabled

2012-02-25 11:34:26,437 [7] ?.lambda_method(:0) - Batcher factory: NHibernate.AdoNet.SqlClientBatchingBatcherFactory, NHibernate, Version=3.2.0.4000, Culture=neutral, PublicKeyToken=aa95f207798dfdb4

2012-02-25 11:34:26,437 [7] ?.lambda_method(:0) - Default entity-mode: Poco

2012-02-25 11:34:26,437 [7] ?.lambda_method(:0) - Named query checking : enabled

2012-02-25 11:34:26,453 [7] ?.lambda_method(:0) - building session factory

2012-02-25 11:34:26,468 [7] ?.lambda_method(:0) - Session factory constructed with filter configurations : {}

2012-02-25 11:34:26,468 [7] ?.lambda_method(:0) - instantiating session factory with properties: {'use_reflection_optimizer'='True', 'connection.provider'='NHibernate.Connection.DriverConnectionProvider', 'connection.driver_class'='NHibernate.Driver.SqlClientDriver', 'dialect'='NHibernate.Dialect.MsSql2005Dialect', 'connection.connection_string'='Server=(local);initial catalog=BeautySalonManagement;Integrated Security=SSPI', 'connection.release_mode'='auto', 'show_sql'='true', 'adonet.batch_size'='500'}

2012-02-25 11:34:26,468 [7] ?.lambda_method(:0) - Obtaining IDbConnection from Driver

2012-02-25 11:35:04,890 [7] ?.lambda_method(:0) - connection.provider=NHibernate.Connection.DriverConnectionProvider

2012-02-25 11:35:04,890 [7] ?.lambda_method(:0) - connection.driver_class=NHibernate.Driver.SqlClientDriver

2012-02-25 11:35:04,890 [7] ?.lambda_method(:0) - dialect=NHibernate.Dialect.MsSql2005Dialect

2012-02-25 11:35:04,890 [7] ?.lambda_method(:0) - connection.connection_string=Server=(local);initial catalog=BeautySalonManagement;Integrated Security=SSPI

2012-02-25 11:35:04,890 [7] ?.lambda_method(:0) - connection.release_mode=auto

2012-02-25 11:35:04,890 [7] ?.lambda_method(:0) - show_sql=true

2012-02-25 11:35:04,890 [7] ?.lambda_method(:0) - adonet.batch_size=500

2012-02-25 11:35:04,890 [7] ?.lambda_method(:0) - properties: System.Collections.Generic.Dictionary`2[System.String,System.String]

2012-02-25 11:35:04,890 [7] ?.lambda_method(:0) - No mapped documents found in assembly: BeautySalonManagement.Infrastructure, Version=1.0.0.0, Culture=neutral, PublicKeyToken=null

2012-02-25 11:35:04,921 [7] ?.lambda_method(:0) - Mapping XML:
<hibernate-mapping xmlns="urn:nhibernate-mapping-2.2"><class xmlns="urn:nhibernate-mapping-2.2" name="BeautySalonManagement.Domain.Peoples.Customer, BeautySalonManagement.Domain, Version=1.0.0.0, Culture=neutral, PublicKeyToken=null" table="Customers"><id name="Id" type="System.Int32, mscorlib, Version=4.0.0.0, Culture=neutral, PublicKeyToken=b77a5c561934e089"><column name="CustomerId" /><generator class="identity" /></id></class></hibernate-mapping>

2012-02-25 11:35:04,921 [7] ?.lambda_method(:0) - Using dialect: NHibernate.Dialect.MsSql2005Dialect

2012-02-25 11:35:04,921 [7] ?.lambda_method(:0) - Mapping class: BeautySalonManagement.Domain.Peoples.Customer -> Customers

2012-02-25 11:35:04,921 [7] ?.lambda_method(:0) - Mapped property: Id -> CustomerId, type: Int32

2012-02-25 11:35:04,921 [7] ?.lambda_method(:0) - Mapping XML:
<hibernate-mapping xmlns="urn:nhibernate-mapping-2.2"><class xmlns="urn:nhibernate-mapping-2.2" name="BeautySalonManagement.Domain.Peoples.Employee, BeautySalonManagement.Domain, Version=1.0.0.0, Culture=neutral, PublicKeyToken=null" table="Employees"><id name="Id" type="System.Int32, mscorlib, Version=4.0.0.0, Culture=neutral, PublicKeyToken=b77a5c561934e089"><column name="EmployeeId" /><generator class="identity" /></id><property name="EmployeeNo" type="System.String, mscorlib, Version=4.0.0.0, Culture=neutral, PublicKeyToken=b77a5c561934e089"><column name="EmployeeNo" /></property><property name="Name" type="System.String, mscorlib, Version=4.0.0.0, Culture=neutral, PublicKeyToken=b77a5c561934e089"><column name="Name" /></property><property name="Password" type="System.String, mscorlib, Version=4.0.0.0, Culture=neutral, PublicKeyToken=b77a5c561934e089"><column name="Password" /></property><property name="Salt" type="System.String, mscorlib, Version=4.0.0.0, Culture=neutral, PublicKeyToken=b77a5c561934e089"><column name="Salt" /></property><many-to-one class="BeautySalonManagement.Domain.Permissions.PermissionGroup, BeautySalonManagement.Domain, Version=1.0.0.0, Culture=neutral, PublicKeyToken=null" name="PermissionGroup"><column name="PermissionGroupId" /></many-to-one></class></hibernate-mapping>

2012-02-25 11:35:04,921 [7] ?.lambda_method(:0) - Using dialect: NHibernate.Dialect.MsSql2005Dialect

2012-02-25 11:35:04,921 [7] ?.lambda_method(:0) - Mapping class: BeautySalonManagement.Domain.Peoples.Employee -> Employees

2012-02-25 11:35:04,937 [7] ?.lambda_method(:0) - Mapped property: Id -> EmployeeId, type: Int32

2012-02-25 11:35:04,937 [7] ?.lambda_method(:0) - Mapped property: EmployeeNo -> EmployeeNo, type: String

2012-02-25 11:35:04,937 [7] ?.lambda_method(:0) - Mapped property: Name -> Name, type: String

2012-02-25 11:35:04,937 [7] ?.lambda_method(:0) - Mapped property: Password -> Password, type: String

2012-02-25 11:35:04,937 [7] ?.lambda_method(:0) - Mapped property: Salt -> Salt, type: String

2012-02-25 11:35:04,937 [7] ?.lambda_method(:0) - Mapped property: PermissionGroup -> PermissionGroupId, type: BeautySalonManagement.Domain.Permissions.PermissionGroup

2012-02-25 11:35:04,937 [7] ?.lambda_method(:0) - Mapping XML:
<hibernate-mapping xmlns="urn:nhibernate-mapping-2.2"><class xmlns="urn:nhibernate-mapping-2.2" name="BeautySalonManagement.Domain.Permissions.PermissionGroup, BeautySalonManagement.Domain, Version=1.0.0.0, Culture=neutral, PublicKeyToken=null" table="PermissionGroups"><id name="Id" type="System.Int32, mscorlib, Version=4.0.0.0, Culture=neutral, PublicKeyToken=b77a5c561934e089"><column name="PermissionGroupId" /><generator class="identity" /></id><bag cascade="all" lazy="true" name="PermissionItems" table="PermissionGroup_PermissionItem_Relationship"><key><column name="PermissionGroupId" /></key><many-to-many class="BeautySalonManagement.Domain.Permissions.PermissionItem, BeautySalonManagement.Domain, Version=1.0.0.0, Culture=neutral, PublicKeyToken=null"><column name="PermissionItemId" /></many-to-many></bag><property name="Name" type="System.String, mscorlib, Version=4.0.0.0, Culture=neutral, PublicKeyToken=b77a5c561934e089"><column name="Name" /></property></class></hibernate-mapping>

2012-02-25 11:35:04,937 [7] ?.lambda_method(:0) - Using dialect: NHibernate.Dialect.MsSql2005Dialect

2012-02-25 11:35:04,937 [7] ?.lambda_method(:0) - Mapping class: BeautySalonManagement.Domain.Permissions.PermissionGroup -> PermissionGroups

2012-02-25 11:35:04,937 [7] ?.lambda_method(:0) - Mapped property: Id -> PermissionGroupId, type: Int32

2012-02-25 11:35:04,937 [7] ?.lambda_method(:0) - Mapping collection: BeautySalonManagement.Domain.Permissions.PermissionGroup.PermissionItems -> PermissionGroup_PermissionItem_Relationship

2012-02-25 11:35:04,953 [7] ?.lambda_method(:0) - Mapped property: PermissionItems, type: System.Collections.Generic.ICollection`1[[BeautySalonManagement.Domain.Permissions.PermissionItem, BeautySalonManagement.Domain, Version=1.0.0.0, Culture=neutral, PublicKeyToken=null]](BeautySalonManagement.Domain.Permissions.PermissionGroup.PermissionItems)

2012-02-25 11:35:04,953 [7] ?.lambda_method(:0) - Mapped property: Name -> Name, type: String

2012-02-25 11:35:04,953 [7] ?.lambda_method(:0) - Mapping XML:
<hibernate-mapping xmlns="urn:nhibernate-mapping-2.2"><class xmlns="urn:nhibernate-mapping-2.2" name="BeautySalonManagement.Domain.Permissions.PermissionItem, BeautySalonManagement.Domain, Version=1.0.0.0, Culture=neutral, PublicKeyToken=null" table="PermissionItems"><id name="Id" type="System.Int32, mscorlib, Version=4.0.0.0, Culture=neutral, PublicKeyToken=b77a5c561934e089"><column name="PermissionItemId" /><generator class="identity" /></id><property name="Description" type="BeautySalonManagement.Domain.UserType.PermissionDescriptionUserType, BeautySalonManagement.Domain, Version=1.0.0.0, Culture=neutral, PublicKeyToken=null"><column name="Description" /></property><property name="Behavior" type="BeautySalonManagement.Domain.UserType.PermissionBehaviorUserType, BeautySalonManagement.Domain, Version=1.0.0.0, Culture=neutral, PublicKeyToken=null"><column name="Behavior" /></property></class></hibernate-mapping>

2012-02-25 11:35:04,953 [7] ?.lambda_method(:0) - Using dialect: NHibernate.Dialect.MsSql2005Dialect

2012-02-25 11:35:04,953 [7] ?.lambda_method(:0) - Mapping class: BeautySalonManagement.Domain.Permissions.PermissionItem -> PermissionItems

2012-02-25 11:35:04,953 [7] ?.lambda_method(:0) - Mapped property: Id -> PermissionItemId, type: Int32

2012-02-25 11:35:04,953 [7] ?.lambda_method(:0) - Mapped property: Description -> Description, type: PermissionDescriptionUserType

2012-02-25 11:35:04,953 [7] ?.lambda_method(:0) - Mapped property: Behavior -> Behavior, type: PermissionBehaviorUserType

2012-02-25 11:35:04,953 [7] ?.lambda_method(:0) - checking mappings queue

2012-02-25 11:35:04,953 [7] ?.lambda_method(:0) - processing one-to-many association mappings

2012-02-25 11:35:04,953 [7] ?.lambda_method(:0) - Second pass for collection: BeautySalonManagement.Domain.Permissions.PermissionGroup.PermissionItems

2012-02-25 11:35:04,953 [7] ?.lambda_method(:0) - Mapped collection key: PermissionGroupId, element: PermissionItemId, type: BeautySalonManagement.Domain.Permissions.PermissionItem

2012-02-25 11:35:04,953 [7] ?.lambda_method(:0) - processing one-to-one association property references

2012-02-25 11:35:04,953 [7] ?.lambda_method(:0) - processing foreign key constraints

2012-02-25 11:35:04,953 [7] ?.lambda_method(:0) - resolving reference to class: BeautySalonManagement.Domain.Permissions.PermissionGroup

2012-02-25 11:35:04,953 [7] ?.lambda_method(:0) - resolving reference to class: BeautySalonManagement.Domain.Permissions.PermissionItem

2012-02-25 11:35:04,953 [7] ?.lambda_method(:0) - resolving reference to class: BeautySalonManagement.Domain.Permissions.PermissionGroup

2012-02-25 11:35:04,953 [7] ?.lambda_method(:0) - processing filters (second pass)

2012-02-25 11:35:04,953 [7] ?.lambda_method(:0) - Using dialect: NHibernate.Dialect.MsSql2005Dialect

2012-02-25 11:35:04,953 [7] ?.lambda_method(:0) - Using dialect: NHibernate.Dialect.MsSql2005Dialect

2012-02-25 11:35:04,968 [7] ?.lambda_method(:0) - Using dialect defined converter

2012-02-25 11:35:04,968 [7] ?.lambda_method(:0) - Generate SQL with comments: disabled

2012-02-25 11:35:04,968 [7] ?.lambda_method(:0) - Initializing connection provider: NHibernate.Connection.DriverConnectionProvider

2012-02-25 11:35:04,968 [7] ?.lambda_method(:0) - Configuring ConnectionProvider

2012-02-25 11:35:04,968 [7] ?.lambda_method(:0) - Transaction factory: NHibernate.Transaction.AdoNetWithDistributedTransactionFactory

2012-02-25 11:35:04,968 [7] ?.lambda_method(:0) - Optimize cache for minimal puts: False

2012-02-25 11:35:04,968 [7] ?.lambda_method(:0) - Connection release mode: auto

2012-02-25 11:35:04,968 [7] ?.lambda_method(:0) - Default batch fetch size: 1

2012-02-25 11:35:04,968 [7] ?.lambda_method(:0) - echoing all SQL to stdout

2012-02-25 11:35:04,968 [7] ?.lambda_method(:0) - Statistics: disabled

2012-02-25 11:35:04,968 [7] ?.lambda_method(:0) - Deleted entity synthetic identifier rollback: disabled

2012-02-25 11:35:04,968 [7] ?.lambda_method(:0) - Query translator: NHibernate.Hql.Ast.ANTLR.ASTQueryTranslatorFactory

2012-02-25 11:35:04,968 [7] ?.lambda_method(:0) - Query language substitutions: {'true'='1', 'false'='0', 'yes'=''Y'', 'no'=''N''}

2012-02-25 11:35:04,968 [7] ?.lambda_method(:0) - cache provider: NHibernate.Cache.NoCacheProvider, NHibernate, Version=3.2.0.4000, Culture=neutral, PublicKeyToken=aa95f207798dfdb4

2012-02-25 11:35:04,968 [7] ?.lambda_method(:0) - Order SQL inserts for batching: enabled

2012-02-25 11:35:04,968 [7] ?.lambda_method(:0) - Wrap result sets: disabled

2012-02-25 11:35:04,968 [7] ?.lambda_method(:0) - Batcher factory: NHibernate.AdoNet.SqlClientBatchingBatcherFactory, NHibernate, Version=3.2.0.4000, Culture=neutral, PublicKeyToken=aa95f207798dfdb4

2012-02-25 11:35:04,968 [7] ?.lambda_method(:0) - Default entity-mode: Poco

2012-02-25 11:35:04,968 [7] ?.lambda_method(:0) - Named query checking : enabled

2012-02-25 11:35:04,968 [7] ?.lambda_method(:0) - building session factory

2012-02-25 11:35:04,968 [7] ?.lambda_method(:0) - Session factory constructed with filter configurations : {}

2012-02-25 11:35:04,968 [7] ?.lambda_method(:0) - instantiating session factory with properties: {'use_reflection_optimizer'='True', 'connection.provider'='NHibernate.Connection.DriverConnectionProvider', 'connection.driver_class'='NHibernate.Driver.SqlClientDriver', 'dialect'='NHibernate.Dialect.MsSql2005Dialect', 'connection.connection_string'='Server=(local);initial catalog=BeautySalonManagement;Integrated Security=SSPI', 'connection.release_mode'='auto', 'show_sql'='true', 'adonet.batch_size'='500'}

2012-02-25 11:35:04,968 [7] ?.lambda_method(:0) - Obtaining IDbConnection from Driver

2012-02-25 11:35:25,640 [8] ?.lambda_method(:0) - connection.provider=NHibernate.Connection.DriverConnectionProvider

2012-02-25 11:35:25,640 [8] ?.lambda_method(:0) - connection.driver_class=NHibernate.Driver.SqlClientDriver

2012-02-25 11:35:25,640 [8] ?.lambda_method(:0) - dialect=NHibernate.Dialect.MsSql2005Dialect

2012-02-25 11:35:25,656 [8] ?.lambda_method(:0) - connection.connection_string=Server=(local);initial catalog=BeautySalonManagement;Integrated Security=SSPI

2012-02-25 11:35:25,656 [8] ?.lambda_method(:0) - connection.release_mode=auto

2012-02-25 11:35:25,656 [8] ?.lambda_method(:0) - show_sql=true

2012-02-25 11:35:25,656 [8] ?.lambda_method(:0) - adonet.batch_size=500

2012-02-25 11:35:25,656 [8] ?.lambda_method(:0) - properties: System.Collections.Generic.Dictionary`2[System.String,System.String]

2012-02-25 11:35:25,656 [8] ?.lambda_method(:0) - No mapped documents found in assembly: BeautySalonManagement.Infrastructure, Version=1.0.0.0, Culture=neutral, PublicKeyToken=null

2012-02-25 11:35:25,718 [8] ?.lambda_method(:0) - Mapping XML:
<hibernate-mapping xmlns="urn:nhibernate-mapping-2.2"><class xmlns="urn:nhibernate-mapping-2.2" name="BeautySalonManagement.Domain.Peoples.Customer, BeautySalonManagement.Domain, Version=1.0.0.0, Culture=neutral, PublicKeyToken=null" table="Customers"><id name="Id" type="System.Int32, mscorlib, Version=4.0.0.0, Culture=neutral, PublicKeyToken=b77a5c561934e089"><column name="CustomerId" /><generator class="identity" /></id></class></hibernate-mapping>

2012-02-25 11:35:25,718 [8] ?.lambda_method(:0) - Using dialect: NHibernate.Dialect.MsSql2005Dialect

2012-02-25 11:35:25,718 [8] ?.lambda_method(:0) - Mapping class: BeautySalonManagement.Domain.Peoples.Customer -> Customers

2012-02-25 11:35:25,718 [8] ?.lambda_method(:0) - Mapped property: Id -> CustomerId, type: Int32

2012-02-25 11:35:25,734 [8] ?.lambda_method(:0) - Mapping XML:
<hibernate-mapping xmlns="urn:nhibernate-mapping-2.2"><class xmlns="urn:nhibernate-mapping-2.2" name="BeautySalonManagement.Domain.Peoples.Employee, BeautySalonManagement.Domain, Version=1.0.0.0, Culture=neutral, PublicKeyToken=null" table="Employees"><id name="Id" type="System.Int32, mscorlib, Version=4.0.0.0, Culture=neutral, PublicKeyToken=b77a5c561934e089"><column name="EmployeeId" /><generator class="identity" /></id><property name="EmployeeNo" type="System.String, mscorlib, Version=4.0.0.0, Culture=neutral, PublicKeyToken=b77a5c561934e089"><column name="EmployeeNo" /></property><property name="Name" type="System.String, mscorlib, Version=4.0.0.0, Culture=neutral, PublicKeyToken=b77a5c561934e089"><column name="Name" /></property><property name="Password" type="System.String, mscorlib, Version=4.0.0.0, Culture=neutral, PublicKeyToken=b77a5c561934e089"><column name="Password" /></property><property name="Salt" type="System.String, mscorlib, Version=4.0.0.0, Culture=neutral, PublicKeyToken=b77a5c561934e089"><column name="Salt" /></property><many-to-one class="BeautySalonManagement.Domain.Permissions.PermissionGroup, BeautySalonManagement.Domain, Version=1.0.0.0, Culture=neutral, PublicKeyToken=null" name="PermissionGroup"><column name="PermissionGroupId" /></many-to-one></class></hibernate-mapping>

2012-02-25 11:35:25,734 [8] ?.lambda_method(:0) - Using dialect: NHibernate.Dialect.MsSql2005Dialect

2012-02-25 11:35:25,734 [8] ?.lambda_method(:0) - Mapping class: BeautySalonManagement.Domain.Peoples.Employee -> Employees

2012-02-25 11:35:25,734 [8] ?.lambda_method(:0) - Mapped property: Id -> EmployeeId, type: Int32

2012-02-25 11:35:25,734 [8] ?.lambda_method(:0) - Mapped property: EmployeeNo -> EmployeeNo, type: String

2012-02-25 11:35:25,734 [8] ?.lambda_method(:0) - Mapped property: Name -> Name, type: String

2012-02-25 11:35:25,750 [8] ?.lambda_method(:0) - Mapped property: Password -> Password, type: String

2012-02-25 11:35:25,750 [8] ?.lambda_method(:0) - Mapped property: Salt -> Salt, type: String

2012-02-25 11:35:25,750 [8] ?.lambda_method(:0) - Mapped property: PermissionGroup -> PermissionGroupId, type: BeautySalonManagement.Domain.Permissions.PermissionGroup

2012-02-25 11:35:25,750 [8] ?.lambda_method(:0) - Mapping XML:
<hibernate-mapping xmlns="urn:nhibernate-mapping-2.2"><class xmlns="urn:nhibernate-mapping-2.2" name="BeautySalonManagement.Domain.Permissions.PermissionGroup, BeautySalonManagement.Domain, Version=1.0.0.0, Culture=neutral, PublicKeyToken=null" table="PermissionGroups"><id name="Id" type="System.Int32, mscorlib, Version=4.0.0.0, Culture=neutral, PublicKeyToken=b77a5c561934e089"><column name="PermissionGroupId" /><generator class="identity" /></id><bag cascade="all" lazy="true" name="PermissionItems" table="PermissionGroup_PermissionItem_Relationship"><key><column name="PermissionGroupId" /></key><many-to-many class="BeautySalonManagement.Domain.Permissions.PermissionItem, BeautySalonManagement.Domain, Version=1.0.0.0, Culture=neutral, PublicKeyToken=null"><column name="PermissionItemId" /></many-to-many></bag><property name="Name" type="System.String, mscorlib, Version=4.0.0.0, Culture=neutral, PublicKeyToken=b77a5c561934e089"><column name="Name" /></property></class></hibernate-mapping>

2012-02-25 11:35:25,750 [8] ?.lambda_method(:0) - Using dialect: NHibernate.Dialect.MsSql2005Dialect

2012-02-25 11:35:25,750 [8] ?.lambda_method(:0) - Mapping class: BeautySalonManagement.Domain.Permissions.PermissionGroup -> PermissionGroups

2012-02-25 11:35:25,750 [8] ?.lambda_method(:0) - Mapped property: Id -> PermissionGroupId, type: Int32

2012-02-25 11:35:25,750 [8] ?.lambda_method(:0) - Mapping collection: BeautySalonManagement.Domain.Permissions.PermissionGroup.PermissionItems -> PermissionGroup_PermissionItem_Relationship

2012-02-25 11:35:25,750 [8] ?.lambda_method(:0) - Mapped property: PermissionItems, type: System.Collections.Generic.ICollection`1[[BeautySalonManagement.Domain.Permissions.PermissionItem, BeautySalonManagement.Domain, Version=1.0.0.0, Culture=neutral, PublicKeyToken=null]](BeautySalonManagement.Domain.Permissions.PermissionGroup.PermissionItems)

2012-02-25 11:35:25,765 [8] ?.lambda_method(:0) - Mapped property: Name -> Name, type: String

2012-02-25 11:35:25,765 [8] ?.lambda_method(:0) - Mapping XML:
<hibernate-mapping xmlns="urn:nhibernate-mapping-2.2"><class xmlns="urn:nhibernate-mapping-2.2" name="BeautySalonManagement.Domain.Permissions.PermissionItem, BeautySalonManagement.Domain, Version=1.0.0.0, Culture=neutral, PublicKeyToken=null" table="PermissionItems"><id name="Id" type="System.Int32, mscorlib, Version=4.0.0.0, Culture=neutral, PublicKeyToken=b77a5c561934e089"><column name="PermissionItemId" /><generator class="identity" /></id><property name="Description" type="BeautySalonManagement.Domain.UserType.PermissionDescriptionUserType, BeautySalonManagement.Domain, Version=1.0.0.0, Culture=neutral, PublicKeyToken=null"><column name="Description" /></property><property name="Behavior" type="BeautySalonManagement.Domain.UserType.PermissionBehaviorUserType, BeautySalonManagement.Domain, Version=1.0.0.0, Culture=neutral, PublicKeyToken=null"><column name="Behavior" /></property></class></hibernate-mapping>

2012-02-25 11:35:25,765 [8] ?.lambda_method(:0) - Using dialect: NHibernate.Dialect.MsSql2005Dialect

2012-02-25 11:35:25,765 [8] ?.lambda_method(:0) - Mapping class: BeautySalonManagement.Domain.Permissions.PermissionItem -> PermissionItems

2012-02-25 11:35:25,765 [8] ?.lambda_method(:0) - Mapped property: Id -> PermissionItemId, type: Int32

2012-02-25 11:35:25,765 [8] ?.lambda_method(:0) - Mapped property: Description -> Description, type: PermissionDescriptionUserType

2012-02-25 11:35:25,765 [8] ?.lambda_method(:0) - Mapped property: Behavior -> Behavior, type: PermissionBehaviorUserType

2012-02-25 11:35:25,765 [8] ?.lambda_method(:0) - checking mappings queue

2012-02-25 11:35:25,765 [8] ?.lambda_method(:0) - processing one-to-many association mappings

2012-02-25 11:35:25,765 [8] ?.lambda_method(:0) - Second pass for collection: BeautySalonManagement.Domain.Permissions.PermissionGroup.PermissionItems

2012-02-25 11:35:25,765 [8] ?.lambda_method(:0) - Mapped collection key: PermissionGroupId, element: PermissionItemId, type: BeautySalonManagement.Domain.Permissions.PermissionItem

2012-02-25 11:35:25,765 [8] ?.lambda_method(:0) - processing one-to-one association property references

2012-02-25 11:35:25,765 [8] ?.lambda_method(:0) - processing foreign key constraints

2012-02-25 11:35:25,765 [8] ?.lambda_method(:0) - resolving reference to class: BeautySalonManagement.Domain.Permissions.PermissionGroup

2012-02-25 11:35:25,765 [8] ?.lambda_method(:0) - resolving reference to class: BeautySalonManagement.Domain.Permissions.PermissionItem

2012-02-25 11:35:25,765 [8] ?.lambda_method(:0) - resolving reference to class: BeautySalonManagement.Domain.Permissions.PermissionGroup

2012-02-25 11:35:25,765 [8] ?.lambda_method(:0) - processing filters (second pass)

2012-02-25 11:35:25,765 [8] ?.lambda_method(:0) - Using dialect: NHibernate.Dialect.MsSql2005Dialect

2012-02-25 11:35:25,765 [8] ?.lambda_method(:0) - Using dialect: NHibernate.Dialect.MsSql2005Dialect

2012-02-25 11:35:25,765 [8] ?.lambda_method(:0) - Using dialect defined converter

2012-02-25 11:35:25,765 [8] ?.lambda_method(:0) - Generate SQL with comments: disabled

2012-02-25 11:35:25,765 [8] ?.lambda_method(:0) - Initializing connection provider: NHibernate.Connection.DriverConnectionProvider

2012-02-25 11:35:25,765 [8] ?.lambda_method(:0) - Configuring ConnectionProvider

2012-02-25 11:35:25,765 [8] ?.lambda_method(:0) - Transaction factory: NHibernate.Transaction.AdoNetWithDistributedTransactionFactory

2012-02-25 11:35:25,765 [8] ?.lambda_method(:0) - Optimize cache for minimal puts: False

2012-02-25 11:35:25,765 [8] ?.lambda_method(:0) - Connection release mode: auto

2012-02-25 11:35:25,781 [8] ?.lambda_method(:0) - Default batch fetch size: 1

2012-02-25 11:35:25,781 [8] ?.lambda_method(:0) - echoing all SQL to stdout

2012-02-25 11:35:25,781 [8] ?.lambda_method(:0) - Statistics: disabled

2012-02-25 11:35:25,781 [8] ?.lambda_method(:0) - Deleted entity synthetic identifier rollback: disabled

2012-02-25 11:35:25,781 [8] ?.lambda_method(:0) - Query translator: NHibernate.Hql.Ast.ANTLR.ASTQueryTranslatorFactory

2012-02-25 11:35:25,781 [8] ?.lambda_method(:0) - Query language substitutions: {'true'='1', 'false'='0', 'yes'=''Y'', 'no'=''N''}

2012-02-25 11:35:25,781 [8] ?.lambda_method(:0) - cache provider: NHibernate.Cache.NoCacheProvider, NHibernate, Version=3.2.0.4000, Culture=neutral, PublicKeyToken=aa95f207798dfdb4

2012-02-25 11:35:25,781 [8] ?.lambda_method(:0) - Order SQL inserts for batching: enabled

2012-02-25 11:35:25,781 [8] ?.lambda_method(:0) - Wrap result sets: disabled

2012-02-25 11:35:25,781 [8] ?.lambda_method(:0) - Batcher factory: NHibernate.AdoNet.SqlClientBatchingBatcherFactory, NHibernate, Version=3.2.0.4000, Culture=neutral, PublicKeyToken=aa95f207798dfdb4

2012-02-25 11:35:25,781 [8] ?.lambda_method(:0) - Default entity-mode: Poco

2012-02-25 11:35:25,781 [8] ?.lambda_method(:0) - Named query checking : enabled

2012-02-25 11:35:25,781 [8] ?.lambda_method(:0) - building session factory

2012-02-25 11:35:25,781 [8] ?.lambda_method(:0) - Session factory constructed with filter configurations : {}

2012-02-25 11:35:25,781 [8] ?.lambda_method(:0) - instantiating session factory with properties: {'use_reflection_optimizer'='True', 'connection.provider'='NHibernate.Connection.DriverConnectionProvider', 'connection.driver_class'='NHibernate.Driver.SqlClientDriver', 'dialect'='NHibernate.Dialect.MsSql2005Dialect', 'connection.connection_string'='Server=(local);initial catalog=BeautySalonManagement;Integrated Security=SSPI', 'connection.release_mode'='auto', 'show_sql'='true', 'adonet.batch_size'='500'}

2012-02-25 11:35:25,781 [8] ?.lambda_method(:0) - Obtaining IDbConnection from Driver

2012-02-25 11:35:37,812 [9] ?.lambda_method(:0) - connection.provider=NHibernate.Connection.DriverConnectionProvider

2012-02-25 11:35:37,812 [9] ?.lambda_method(:0) - connection.driver_class=NHibernate.Driver.SqlClientDriver

2012-02-25 11:35:37,812 [9] ?.lambda_method(:0) - dialect=NHibernate.Dialect.MsSql2005Dialect

2012-02-25 11:35:37,812 [9] ?.lambda_method(:0) - connection.connection_string=Server=(local);initial catalog=BeautySalonManagement;Integrated Security=SSPI

2012-02-25 11:35:37,812 [9] ?.lambda_method(:0) - connection.release_mode=auto

2012-02-25 11:35:37,812 [9] ?.lambda_method(:0) - show_sql=true

2012-02-25 11:35:37,812 [9] ?.lambda_method(:0) - adonet.batch_size=500

2012-02-25 11:35:37,812 [9] ?.lambda_method(:0) - properties: System.Collections.Generic.Dictionary`2[System.String,System.String]

2012-02-25 11:35:37,828 [9] ?.lambda_method(:0) - No mapped documents found in assembly: BeautySalonManagement.Infrastructure, Version=1.0.0.0, Culture=neutral, PublicKeyToken=null

2012-02-25 11:35:37,843 [9] ?.lambda_method(:0) - Mapping XML:
<hibernate-mapping xmlns="urn:nhibernate-mapping-2.2"><class xmlns="urn:nhibernate-mapping-2.2" name="BeautySalonManagement.Domain.Peoples.Customer, BeautySalonManagement.Domain, Version=1.0.0.0, Culture=neutral, PublicKeyToken=null" table="Customers"><id name="Id" type="System.Int32, mscorlib, Version=4.0.0.0, Culture=neutral, PublicKeyToken=b77a5c561934e089"><column name="CustomerId" /><generator class="identity" /></id></class></hibernate-mapping>

2012-02-25 11:35:37,843 [9] ?.lambda_method(:0) - Using dialect: NHibernate.Dialect.MsSql2005Dialect

2012-02-25 11:35:37,843 [9] ?.lambda_method(:0) - Mapping class: BeautySalonManagement.Domain.Peoples.Customer -> Customers

2012-02-25 11:35:37,843 [9] ?.lambda_method(:0) - Mapped property: Id -> CustomerId, type: Int32

2012-02-25 11:35:37,859 [9] ?.lambda_method(:0) - Mapping XML:
<hibernate-mapping xmlns="urn:nhibernate-mapping-2.2"><class xmlns="urn:nhibernate-mapping-2.2" name="BeautySalonManagement.Domain.Peoples.Employee, BeautySalonManagement.Domain, Version=1.0.0.0, Culture=neutral, PublicKeyToken=null" table="Employees"><id name="Id" type="System.Int32, mscorlib, Version=4.0.0.0, Culture=neutral, PublicKeyToken=b77a5c561934e089"><column name="EmployeeId" /><generator class="identity" /></id><property name="EmployeeNo" type="System.String, mscorlib, Version=4.0.0.0, Culture=neutral, PublicKeyToken=b77a5c561934e089"><column name="EmployeeNo" /></property><property name="Name" type="System.String, mscorlib, Version=4.0.0.0, Culture=neutral, PublicKeyToken=b77a5c561934e089"><column name="Name" /></property><property name="Password" type="System.String, mscorlib, Version=4.0.0.0, Culture=neutral, PublicKeyToken=b77a5c561934e089"><column name="Password" /></property><property name="Salt" type="System.String, mscorlib, Version=4.0.0.0, Culture=neutral, PublicKeyToken=b77a5c561934e089"><column name="Salt" /></property><many-to-one class="BeautySalonManagement.Domain.Permissions.PermissionGroup, BeautySalonManagement.Domain, Version=1.0.0.0, Culture=neutral, PublicKeyToken=null" name="PermissionGroup"><column name="PermissionGroupId" /></many-to-one></class></hibernate-mapping>

2012-02-25 11:35:37,859 [9] ?.lambda_method(:0) - Using dialect: NHibernate.Dialect.MsSql2005Dialect

2012-02-25 11:35:37,859 [9] ?.lambda_method(:0) - Mapping class: BeautySalonManagement.Domain.Peoples.Employee -> Employees

2012-02-25 11:35:37,859 [9] ?.lambda_method(:0) - Mapped property: Id -> EmployeeId, type: Int32

2012-02-25 11:35:37,859 [9] ?.lambda_method(:0) - Mapped property: EmployeeNo -> EmployeeNo, type: String

2012-02-25 11:35:37,859 [9] ?.lambda_method(:0) - Mapped property: Name -> Name, type: String

2012-02-25 11:35:37,859 [9] ?.lambda_method(:0) - Mapped property: Password -> Password, type: String

2012-02-25 11:35:37,859 [9] ?.lambda_method(:0) - Mapped property: Salt -> Salt, type: String

2012-02-25 11:35:37,859 [9] ?.lambda_method(:0) - Mapped property: PermissionGroup -> PermissionGroupId, type: BeautySalonManagement.Domain.Permissions.PermissionGroup

2012-02-25 11:35:37,859 [9] ?.lambda_method(:0) - Mapping XML:
<hibernate-mapping xmlns="urn:nhibernate-mapping-2.2"><class xmlns="urn:nhibernate-mapping-2.2" name="BeautySalonManagement.Domain.Permissions.PermissionGroup, BeautySalonManagement.Domain, Version=1.0.0.0, Culture=neutral, PublicKeyToken=null" table="PermissionGroups"><id name="Id" type="System.Int32, mscorlib, Version=4.0.0.0, Culture=neutral, PublicKeyToken=b77a5c561934e089"><column name="PermissionGroupId" /><generator class="identity" /></id><bag cascade="all" lazy="true" name="PermissionItems" table="PermissionGroup_PermissionItem_Relationship"><key><column name="PermissionGroupId" /></key><many-to-many class="BeautySalonManagement.Domain.Permissions.PermissionItem, BeautySalonManagement.Domain, Version=1.0.0.0, Culture=neutral, PublicKeyToken=null"><column name="PermissionItemId" /></many-to-many></bag><property name="Name" type="System.String, mscorlib, Version=4.0.0.0, Culture=neutral, PublicKeyToken=b77a5c561934e089"><column name="Name" /></property></class></hibernate-mapping>

2012-02-25 11:35:37,859 [9] ?.lambda_method(:0) - Using dialect: NHibernate.Dialect.MsSql2005Dialect

2012-02-25 11:35:37,859 [9] ?.lambda_method(:0) - Mapping class: BeautySalonManagement.Domain.Permissions.PermissionGroup -> PermissionGroups

2012-02-25 11:35:37,859 [9] ?.lambda_method(:0) - Mapped property: Id -> PermissionGroupId, type: Int32

2012-02-25 11:35:37,859 [9] ?.lambda_method(:0) - Mapping collection: BeautySalonManagement.Domain.Permissions.PermissionGroup.PermissionItems -> PermissionGroup_PermissionItem_Relationship

2012-02-25 11:35:37,859 [9] ?.lambda_method(:0) - Mapped property: PermissionItems, type: System.Collections.Generic.ICollection`1[[BeautySalonManagement.Domain.Permissions.PermissionItem, BeautySalonManagement.Domain, Version=1.0.0.0, Culture=neutral, PublicKeyToken=null]](BeautySalonManagement.Domain.Permissions.PermissionGroup.PermissionItems)

2012-02-25 11:35:37,859 [9] ?.lambda_method(:0) - Mapped property: Name -> Name, type: String

2012-02-25 11:35:37,875 [9] ?.lambda_method(:0) - Mapping XML:
<hibernate-mapping xmlns="urn:nhibernate-mapping-2.2"><class xmlns="urn:nhibernate-mapping-2.2" name="BeautySalonManagement.Domain.Permissions.PermissionItem, BeautySalonManagement.Domain, Version=1.0.0.0, Culture=neutral, PublicKeyToken=null" table="PermissionItems"><id name="Id" type="System.Int32, mscorlib, Version=4.0.0.0, Culture=neutral, PublicKeyToken=b77a5c561934e089"><column name="PermissionItemId" /><generator class="identity" /></id><property name="Description" type="BeautySalonManagement.Domain.UserType.PermissionDescriptionUserType, BeautySalonManagement.Domain, Version=1.0.0.0, Culture=neutral, PublicKeyToken=null"><column name="Description" /></property><property name="Behavior" type="BeautySalonManagement.Domain.UserType.PermissionBehaviorUserType, BeautySalonManagement.Domain, Version=1.0.0.0, Culture=neutral, PublicKeyToken=null"><column name="Behavior" /></property></class></hibernate-mapping>

2012-02-25 11:35:37,875 [9] ?.lambda_method(:0) - Using dialect: NHibernate.Dialect.MsSql2005Dialect

2012-02-25 11:35:37,875 [9] ?.lambda_method(:0) - Mapping class: BeautySalonManagement.Domain.Permissions.PermissionItem -> PermissionItems

2012-02-25 11:35:37,875 [9] ?.lambda_method(:0) - Mapped property: Id -> PermissionItemId, type: Int32

2012-02-25 11:35:37,875 [9] ?.lambda_method(:0) - Mapped property: Description -> Description, type: PermissionDescriptionUserType

2012-02-25 11:35:37,875 [9] ?.lambda_method(:0) - Mapped property: Behavior -> Behavior, type: PermissionBehaviorUserType

2012-02-25 11:35:37,875 [9] ?.lambda_method(:0) - checking mappings queue

2012-02-25 11:35:37,875 [9] ?.lambda_method(:0) - processing one-to-many association mappings

2012-02-25 11:35:37,875 [9] ?.lambda_method(:0) - Second pass for collection: BeautySalonManagement.Domain.Permissions.PermissionGroup.PermissionItems

2012-02-25 11:35:37,875 [9] ?.lambda_method(:0) - Mapped collection key: PermissionGroupId, element: PermissionItemId, type: BeautySalonManagement.Domain.Permissions.PermissionItem

2012-02-25 11:35:37,875 [9] ?.lambda_method(:0) - processing one-to-one association property references

2012-02-25 11:35:37,875 [9] ?.lambda_method(:0) - processing foreign key constraints

2012-02-25 11:35:37,875 [9] ?.lambda_method(:0) - resolving reference to class: BeautySalonManagement.Domain.Permissions.PermissionGroup

2012-02-25 11:35:37,875 [9] ?.lambda_method(:0) - resolving reference to class: BeautySalonManagement.Domain.Permissions.PermissionItem

2012-02-25 11:35:37,875 [9] ?.lambda_method(:0) - resolving reference to class: BeautySalonManagement.Domain.Permissions.PermissionGroup

2012-02-25 11:35:37,875 [9] ?.lambda_method(:0) - processing filters (second pass)

2012-02-25 11:35:37,875 [9] ?.lambda_method(:0) - Using dialect: NHibernate.Dialect.MsSql2005Dialect

2012-02-25 11:35:37,875 [9] ?.lambda_method(:0) - Using dialect: NHibernate.Dialect.MsSql2005Dialect

2012-02-25 11:35:37,875 [9] ?.lambda_method(:0) - Using dialect defined converter

2012-02-25 11:35:37,875 [9] ?.lambda_method(:0) - Generate SQL with comments: disabled

2012-02-25 11:35:37,875 [9] ?.lambda_method(:0) - Initializing connection provider: NHibernate.Connection.DriverConnectionProvider

2012-02-25 11:35:37,875 [9] ?.lambda_method(:0) - Configuring ConnectionProvider

2012-02-25 11:35:37,875 [9] ?.lambda_method(:0) - Transaction factory: NHibernate.Transaction.AdoNetWithDistributedTransactionFactory

2012-02-25 11:35:37,875 [9] ?.lambda_method(:0) - Optimize cache for minimal puts: False

2012-02-25 11:35:37,875 [9] ?.lambda_method(:0) - Connection release mode: auto

2012-02-25 11:35:37,875 [9] ?.lambda_method(:0) - Default batch fetch size: 1

2012-02-25 11:35:37,875 [9] ?.lambda_method(:0) - echoing all SQL to stdout

2012-02-25 11:35:37,875 [9] ?.lambda_method(:0) - Statistics: disabled

2012-02-25 11:35:37,875 [9] ?.lambda_method(:0) - Deleted entity synthetic identifier rollback: disabled

2012-02-25 11:35:37,875 [9] ?.lambda_method(:0) - Query translator: NHibernate.Hql.Ast.ANTLR.ASTQueryTranslatorFactory

2012-02-25 11:35:37,875 [9] ?.lambda_method(:0) - Query language substitutions: {'true'='1', 'false'='0', 'yes'=''Y'', 'no'=''N''}

2012-02-25 11:35:37,875 [9] ?.lambda_method(:0) - cache provider: NHibernate.Cache.NoCacheProvider, NHibernate, Version=3.2.0.4000, Culture=neutral, PublicKeyToken=aa95f207798dfdb4

2012-02-25 11:35:37,875 [9] ?.lambda_method(:0) - Order SQL inserts for batching: enabled

2012-02-25 11:35:37,890 [9] ?.lambda_method(:0) - Wrap result sets: disabled

2012-02-25 11:35:37,890 [9] ?.lambda_method(:0) - Batcher factory: NHibernate.AdoNet.SqlClientBatchingBatcherFactory, NHibernate, Version=3.2.0.4000, Culture=neutral, PublicKeyToken=aa95f207798dfdb4

2012-02-25 11:35:37,890 [9] ?.lambda_method(:0) - Default entity-mode: Poco

2012-02-25 11:35:37,890 [9] ?.lambda_method(:0) - Named query checking : enabled

2012-02-25 11:35:37,890 [9] ?.lambda_method(:0) - building session factory

2012-02-25 11:35:37,890 [9] ?.lambda_method(:0) - Session factory constructed with filter configurations : {}

2012-02-25 11:35:37,890 [9] ?.lambda_method(:0) - instantiating session factory with properties: {'use_reflection_optimizer'='True', 'connection.provider'='NHibernate.Connection.DriverConnectionProvider', 'connection.driver_class'='NHibernate.Driver.SqlClientDriver', 'dialect'='NHibernate.Dialect.MsSql2005Dialect', 'connection.connection_string'='Server=(local);initial catalog=BeautySalonManagement;Integrated Security=SSPI', 'connection.release_mode'='auto', 'show_sql'='true', 'adonet.batch_size'='500'}

2012-02-25 11:35:37,890 [9] ?.lambda_method(:0) - Obtaining IDbConnection from Driver

2012-02-25 11:35:39,062 [9] ?.lambda_method(:0) - Closing connection

2012-02-25 11:35:39,281 [9] ?.lambda_method(:0) - No custom accessors found for entity: BeautySalonManagement.Domain.Peoples.Customer

2012-02-25 11:35:39,296 [9] ?.lambda_method(:0) - No custom accessors found for entity: BeautySalonManagement.Domain.Peoples.Customer

2012-02-25 11:35:39,421 [9] ?.lambda_method(:0) - Create Instantiator using optimizer for:BeautySalonManagement.Domain.Peoples.Customer

2012-02-25 11:35:39,468 [9] ?.lambda_method(:0) - No custom accessors found for entity: BeautySalonManagement.Domain.Peoples.Employee

2012-02-25 11:35:39,468 [9] ?.lambda_method(:0) - No custom accessors found for entity: BeautySalonManagement.Domain.Peoples.Employee

2012-02-25 11:35:39,468 [9] ?.lambda_method(:0) - Create Instantiator using optimizer for:BeautySalonManagement.Domain.Peoples.Employee

2012-02-25 11:35:39,484 [9] ?.lambda_method(:0) - No custom accessors found for entity: BeautySalonManagement.Domain.Permissions.PermissionGroup

2012-02-25 11:35:39,484 [9] ?.lambda_method(:0) - No custom accessors found for entity: BeautySalonManagement.Domain.Permissions.PermissionGroup

2012-02-25 11:35:39,484 [9] ?.lambda_method(:0) - Create Instantiator using optimizer for:BeautySalonManagement.Domain.Permissions.PermissionGroup

2012-02-25 11:35:39,484 [9] ?.lambda_method(:0) - No custom accessors found for entity: BeautySalonManagement.Domain.Permissions.PermissionItem

2012-02-25 11:35:39,484 [9] ?.lambda_method(:0) - No custom accessors found for entity: BeautySalonManagement.Domain.Permissions.PermissionItem

2012-02-25 11:35:39,484 [9] ?.lambda_method(:0) - Create Instantiator using optimizer for:BeautySalonManagement.Domain.Permissions.PermissionItem

2012-02-25 11:35:39,546 [9] ?.lambda_method(:0) - Static SQL for collection: BeautySalonManagement.Domain.Permissions.PermissionGroup.PermissionItems

2012-02-25 11:35:39,546 [9] ?.lambda_method(:0) -  Row insert: INSERT INTO PermissionGroup_PermissionItem_Relationship (PermissionGroupId, PermissionItemId) VALUES (?, ?)

2012-02-25 11:35:39,546 [9] ?.lambda_method(:0) -  Row update: UPDATE PermissionGroup_PermissionItem_Relationship SET PermissionItemId = ? WHERE PermissionGroupId = ? AND PermissionItemId = ?

2012-02-25 11:35:39,546 [9] ?.lambda_method(:0) -  Row delete: DELETE FROM PermissionGroup_PermissionItem_Relationship WHERE PermissionGroupId = ? AND PermissionItemId = ?

2012-02-25 11:35:39,546 [9] ?.lambda_method(:0) -  One-shot delete: DELETE FROM PermissionGroup_PermissionItem_Relationship WHERE PermissionGroupId = ?

2012-02-25 11:35:39,578 [9] ?.lambda_method(:0) - Static SQL for entity: BeautySalonManagement.Domain.Peoples.Customer

2012-02-25 11:35:39,578 [9] ?.lambda_method(:0) -  Version select: SELECT CustomerId FROM Customers WHERE CustomerId = ?

2012-02-25 11:35:39,578 [9] ?.lambda_method(:0) -  Snapshot select: SELECT customer_.CustomerId FROM Customers customer_ WHERE customer_.CustomerId=?

2012-02-25 11:35:39,578 [9] ?.lambda_method(:0) -  Insert 0: INSERT INTO Customers (CustomerId) VALUES (?)

2012-02-25 11:35:39,578 [9] ?.lambda_method(:0) -  Update 0: 

2012-02-25 11:35:39,578 [9] ?.lambda_method(:0) -  Delete 0: DELETE FROM Customers WHERE CustomerId = ?

2012-02-25 11:35:39,578 [9] ?.lambda_method(:0) -  Identity insert: INSERT INTO Customers DEFAULT VALUES; select SCOPE_IDENTITY()

2012-02-25 11:35:39,640 [9] ?.lambda_method(:0) - Static select for entity BeautySalonManagement.Domain.Peoples.Customer: SELECT customer0_.CustomerId as CustomerId15_0_ FROM Customers customer0_ WHERE customer0_.CustomerId=?

2012-02-25 11:35:39,640 [9] ?.lambda_method(:0) - Static select for entity BeautySalonManagement.Domain.Peoples.Customer: SELECT customer0_.CustomerId as CustomerId15_0_ FROM Customers customer0_ WHERE customer0_.CustomerId=?

2012-02-25 11:35:39,640 [9] ?.lambda_method(:0) - Static select for entity BeautySalonManagement.Domain.Peoples.Customer: SELECT customer0_.CustomerId as CustomerId15_0_ FROM Customers customer0_ with (updlock, rowlock) WHERE customer0_.CustomerId=?

2012-02-25 11:35:39,640 [9] ?.lambda_method(:0) - Static select for entity BeautySalonManagement.Domain.Peoples.Customer: SELECT customer0_.CustomerId as CustomerId15_0_ FROM Customers customer0_ with (updlock, rowlock) WHERE customer0_.CustomerId=?

2012-02-25 11:35:39,640 [9] ?.lambda_method(:0) - Static select for entity BeautySalonManagement.Domain.Peoples.Customer: SELECT customer0_.CustomerId as CustomerId15_0_ FROM Customers customer0_ with (updlock, rowlock) WHERE customer0_.CustomerId=?

2012-02-25 11:35:39,656 [9] ?.lambda_method(:0) - Static select for action NHibernate.Engine.CascadingAction+MergeCascadingAction on entity BeautySalonManagement.Domain.Peoples.Customer: SELECT customer0_.CustomerId as CustomerId15_0_ FROM Customers customer0_ WHERE customer0_.CustomerId=?

2012-02-25 11:35:39,656 [9] ?.lambda_method(:0) - Static select for action NHibernate.Engine.CascadingAction+RefreshCascadingAction on entity BeautySalonManagement.Domain.Peoples.Customer: SELECT customer0_.CustomerId as CustomerId15_0_ FROM Customers customer0_ WHERE customer0_.CustomerId=?

2012-02-25 11:35:39,656 [9] ?.lambda_method(:0) - Static SQL for entity: BeautySalonManagement.Domain.Peoples.Employee

2012-02-25 11:35:39,656 [9] ?.lambda_method(:0) -  Version select: SELECT EmployeeId FROM Employees WHERE EmployeeId = ?

2012-02-25 11:35:39,656 [9] ?.lambda_method(:0) -  Snapshot select: SELECT employee_.EmployeeId, employee_.EmployeeNo as EmployeeNo16_, employee_.Name as Name16_, employee_.Password as Password16_, employee_.Salt as Salt16_, employee_.PermissionGroupId as Permissi6_16_ FROM Employees employee_ WHERE employee_.EmployeeId=?

2012-02-25 11:35:39,656 [9] ?.lambda_method(:0) -  Insert 0: INSERT INTO Employees (EmployeeNo, Name, Password, Salt, PermissionGroupId, EmployeeId) VALUES (?, ?, ?, ?, ?, ?)

2012-02-25 11:35:39,656 [9] ?.lambda_method(:0) -  Update 0: UPDATE Employees SET EmployeeNo = ?, Name = ?, Password = ?, Salt = ?, PermissionGroupId = ? WHERE EmployeeId = ?

2012-02-25 11:35:39,656 [9] ?.lambda_method(:0) -  Delete 0: DELETE FROM Employees WHERE EmployeeId = ?

2012-02-25 11:35:39,656 [9] ?.lambda_method(:0) -  Identity insert: INSERT INTO Employees (EmployeeNo, Name, Password, Salt, PermissionGroupId) VALUES (?, ?, ?, ?, ?); select SCOPE_IDENTITY()

2012-02-25 11:35:39,656 [9] ?.lambda_method(:0) - Static select for entity BeautySalonManagement.Domain.Peoples.Employee: SELECT employee0_.EmployeeId as EmployeeId16_0_, employee0_.EmployeeNo as EmployeeNo16_0_, employee0_.Name as Name16_0_, employee0_.Password as Password16_0_, employee0_.Salt as Salt16_0_, employee0_.PermissionGroupId as Permissi6_16_0_ FROM Employees employee0_ WHERE employee0_.EmployeeId=?

2012-02-25 11:35:39,656 [9] ?.lambda_method(:0) - Static select for entity BeautySalonManagement.Domain.Peoples.Employee: SELECT employee0_.EmployeeId as EmployeeId16_0_, employee0_.EmployeeNo as EmployeeNo16_0_, employee0_.Name as Name16_0_, employee0_.Password as Password16_0_, employee0_.Salt as Salt16_0_, employee0_.PermissionGroupId as Permissi6_16_0_ FROM Employees employee0_ WHERE employee0_.EmployeeId=?

2012-02-25 11:35:39,656 [9] ?.lambda_method(:0) - Static select for entity BeautySalonManagement.Domain.Peoples.Employee: SELECT employee0_.EmployeeId as EmployeeId16_0_, employee0_.EmployeeNo as EmployeeNo16_0_, employee0_.Name as Name16_0_, employee0_.Password as Password16_0_, employee0_.Salt as Salt16_0_, employee0_.PermissionGroupId as Permissi6_16_0_ FROM Employees employee0_ with (updlock, rowlock) WHERE employee0_.EmployeeId=?

2012-02-25 11:35:39,656 [9] ?.lambda_method(:0) - Static select for entity BeautySalonManagement.Domain.Peoples.Employee: SELECT employee0_.EmployeeId as EmployeeId16_0_, employee0_.EmployeeNo as EmployeeNo16_0_, employee0_.Name as Name16_0_, employee0_.Password as Password16_0_, employee0_.Salt as Salt16_0_, employee0_.PermissionGroupId as Permissi6_16_0_ FROM Employees employee0_ with (updlock, rowlock) WHERE employee0_.EmployeeId=?

2012-02-25 11:35:39,656 [9] ?.lambda_method(:0) - Static select for entity BeautySalonManagement.Domain.Peoples.Employee: SELECT employee0_.EmployeeId as EmployeeId16_0_, employee0_.EmployeeNo as EmployeeNo16_0_, employee0_.Name as Name16_0_, employee0_.Password as Password16_0_, employee0_.Salt as Salt16_0_, employee0_.PermissionGroupId as Permissi6_16_0_ FROM Employees employee0_ with (updlock, rowlock) WHERE employee0_.EmployeeId=?

2012-02-25 11:35:39,656 [9] ?.lambda_method(:0) - Static select for action NHibernate.Engine.CascadingAction+MergeCascadingAction on entity BeautySalonManagement.Domain.Peoples.Employee: SELECT employee0_.EmployeeId as EmployeeId16_0_, employee0_.EmployeeNo as EmployeeNo16_0_, employee0_.Name as Name16_0_, employee0_.Password as Password16_0_, employee0_.Salt as Salt16_0_, employee0_.PermissionGroupId as Permissi6_16_0_ FROM Employees employee0_ WHERE employee0_.EmployeeId=?

2012-02-25 11:35:39,656 [9] ?.lambda_method(:0) - Static select for action NHibernate.Engine.CascadingAction+RefreshCascadingAction on entity BeautySalonManagement.Domain.Peoples.Employee: SELECT employee0_.EmployeeId as EmployeeId16_0_, employee0_.EmployeeNo as EmployeeNo16_0_, employee0_.Name as Name16_0_, employee0_.Password as Password16_0_, employee0_.Salt as Salt16_0_, employee0_.PermissionGroupId as Permissi6_16_0_ FROM Employees employee0_ WHERE employee0_.EmployeeId=?

2012-02-25 11:35:39,671 [9] ?.lambda_method(:0) - Static SQL for entity: BeautySalonManagement.Domain.Permissions.PermissionGroup

2012-02-25 11:35:39,671 [9] ?.lambda_method(:0) -  Version select: SELECT PermissionGroupId FROM PermissionGroups WHERE PermissionGroupId = ?

2012-02-25 11:35:39,671 [9] ?.lambda_method(:0) -  Snapshot select: SELECT permission_.PermissionGroupId, permission_.Name as Name17_ FROM PermissionGroups permission_ WHERE permission_.PermissionGroupId=?

2012-02-25 11:35:39,671 [9] ?.lambda_method(:0) -  Insert 0: INSERT INTO PermissionGroups (Name, PermissionGroupId) VALUES (?, ?)

2012-02-25 11:35:39,671 [9] ?.lambda_method(:0) -  Update 0: UPDATE PermissionGroups SET Name = ? WHERE PermissionGroupId = ?

2012-02-25 11:35:39,671 [9] ?.lambda_method(:0) -  Delete 0: DELETE FROM PermissionGroups WHERE PermissionGroupId = ?

2012-02-25 11:35:39,671 [9] ?.lambda_method(:0) -  Identity insert: INSERT INTO PermissionGroups (Name) VALUES (?); select SCOPE_IDENTITY()

2012-02-25 11:35:39,671 [9] ?.lambda_method(:0) - Static select for entity BeautySalonManagement.Domain.Permissions.PermissionGroup: SELECT permission0_.PermissionGroupId as Permissi1_17_0_, permission0_.Name as Name17_0_ FROM PermissionGroups permission0_ WHERE permission0_.PermissionGroupId=?

2012-02-25 11:35:39,671 [9] ?.lambda_method(:0) - Static select for entity BeautySalonManagement.Domain.Permissions.PermissionGroup: SELECT permission0_.PermissionGroupId as Permissi1_17_0_, permission0_.Name as Name17_0_ FROM PermissionGroups permission0_ WHERE permission0_.PermissionGroupId=?

2012-02-25 11:35:39,671 [9] ?.lambda_method(:0) - Static select for entity BeautySalonManagement.Domain.Permissions.PermissionGroup: SELECT permission0_.PermissionGroupId as Permissi1_17_0_, permission0_.Name as Name17_0_ FROM PermissionGroups permission0_ with (updlock, rowlock) WHERE permission0_.PermissionGroupId=?

2012-02-25 11:35:39,671 [9] ?.lambda_method(:0) - Static select for entity BeautySalonManagement.Domain.Permissions.PermissionGroup: SELECT permission0_.PermissionGroupId as Permissi1_17_0_, permission0_.Name as Name17_0_ FROM PermissionGroups permission0_ with (updlock, rowlock) WHERE permission0_.PermissionGroupId=?

2012-02-25 11:35:39,671 [9] ?.lambda_method(:0) - Static select for entity BeautySalonManagement.Domain.Permissions.PermissionGroup: SELECT permission0_.PermissionGroupId as Permissi1_17_0_, permission0_.Name as Name17_0_ FROM PermissionGroups permission0_ with (updlock, rowlock) WHERE permission0_.PermissionGroupId=?

2012-02-25 11:35:39,687 [9] ?.lambda_method(:0) - Static select for action NHibernate.Engine.CascadingAction+MergeCascadingAction on entity BeautySalonManagement.Domain.Permissions.PermissionGroup: SELECT permission0_.PermissionGroupId as Permissi1_17_1_, permission0_.Name as Name17_1_, permission1_.PermissionGroupId as Permissi1_3_, permission2_.PermissionItemId as Permissi2_3_, permission2_.PermissionItemId as Permissi1_19_0_, permission2_.Description as Descript2_19_0_, permission2_.Behavior as Behavior19_0_ FROM PermissionGroups permission0_ left outer join PermissionGroup_PermissionItem_Relationship permission1_ on permission0_.PermissionGroupId=permission1_.PermissionGroupId left outer join PermissionItems permission2_ on permission1_.PermissionItemId=permission2_.PermissionItemId WHERE permission0_.PermissionGroupId=?

2012-02-25 11:35:39,687 [9] ?.lambda_method(:0) - Static select for action NHibernate.Engine.CascadingAction+RefreshCascadingAction on entity BeautySalonManagement.Domain.Permissions.PermissionGroup: SELECT permission0_.PermissionGroupId as Permissi1_17_1_, permission0_.Name as Name17_1_, permission1_.PermissionGroupId as Permissi1_3_, permission2_.PermissionItemId as Permissi2_3_, permission2_.PermissionItemId as Permissi1_19_0_, permission2_.Description as Descript2_19_0_, permission2_.Behavior as Behavior19_0_ FROM PermissionGroups permission0_ left outer join PermissionGroup_PermissionItem_Relationship permission1_ on permission0_.PermissionGroupId=permission1_.PermissionGroupId left outer join PermissionItems permission2_ on permission1_.PermissionItemId=permission2_.PermissionItemId WHERE permission0_.PermissionGroupId=?

2012-02-25 11:35:39,687 [9] ?.lambda_method(:0) - Static SQL for entity: BeautySalonManagement.Domain.Permissions.PermissionItem

2012-02-25 11:35:39,687 [9] ?.lambda_method(:0) -  Version select: SELECT PermissionItemId FROM PermissionItems WHERE PermissionItemId = ?

2012-02-25 11:35:39,687 [9] ?.lambda_method(:0) -  Snapshot select: SELECT permission_.PermissionItemId, permission_.Description as Descript2_19_, permission_.Behavior as Behavior19_ FROM PermissionItems permission_ WHERE permission_.PermissionItemId=?

2012-02-25 11:35:39,687 [9] ?.lambda_method(:0) -  Insert 0: INSERT INTO PermissionItems (Description, Behavior, PermissionItemId) VALUES (?, ?, ?)

2012-02-25 11:35:39,687 [9] ?.lambda_method(:0) -  Update 0: UPDATE PermissionItems SET Description = ?, Behavior = ? WHERE PermissionItemId = ?

2012-02-25 11:35:39,687 [9] ?.lambda_method(:0) -  Delete 0: DELETE FROM PermissionItems WHERE PermissionItemId = ?

2012-02-25 11:35:39,687 [9] ?.lambda_method(:0) -  Identity insert: INSERT INTO PermissionItems (Description, Behavior) VALUES (?, ?); select SCOPE_IDENTITY()

2012-02-25 11:35:39,687 [9] ?.lambda_method(:0) - Static select for entity BeautySalonManagement.Domain.Permissions.PermissionItem: SELECT permission0_.PermissionItemId as Permissi1_19_0_, permission0_.Description as Descript2_19_0_, permission0_.Behavior as Behavior19_0_ FROM PermissionItems permission0_ WHERE permission0_.PermissionItemId=?

2012-02-25 11:35:39,687 [9] ?.lambda_method(:0) - Static select for entity BeautySalonManagement.Domain.Permissions.PermissionItem: SELECT permission0_.PermissionItemId as Permissi1_19_0_, permission0_.Description as Descript2_19_0_, permission0_.Behavior as Behavior19_0_ FROM PermissionItems permission0_ WHERE permission0_.PermissionItemId=?

2012-02-25 11:35:39,687 [9] ?.lambda_method(:0) - Static select for entity BeautySalonManagement.Domain.Permissions.PermissionItem: SELECT permission0_.PermissionItemId as Permissi1_19_0_, permission0_.Description as Descript2_19_0_, permission0_.Behavior as Behavior19_0_ FROM PermissionItems permission0_ with (updlock, rowlock) WHERE permission0_.PermissionItemId=?

2012-02-25 11:35:39,687 [9] ?.lambda_method(:0) - Static select for entity BeautySalonManagement.Domain.Permissions.PermissionItem: SELECT permission0_.PermissionItemId as Permissi1_19_0_, permission0_.Description as Descript2_19_0_, permission0_.Behavior as Behavior19_0_ FROM PermissionItems permission0_ with (updlock, rowlock) WHERE permission0_.PermissionItemId=?

2012-02-25 11:35:39,687 [9] ?.lambda_method(:0) - Static select for entity BeautySalonManagement.Domain.Permissions.PermissionItem: SELECT permission0_.PermissionItemId as Permissi1_19_0_, permission0_.Description as Descript2_19_0_, permission0_.Behavior as Behavior19_0_ FROM PermissionItems permission0_ with (updlock, rowlock) WHERE permission0_.PermissionItemId=?

2012-02-25 11:35:39,687 [9] ?.lambda_method(:0) - Static select for action NHibernate.Engine.CascadingAction+MergeCascadingAction on entity BeautySalonManagement.Domain.Permissions.PermissionItem: SELECT permission0_.PermissionItemId as Permissi1_19_0_, permission0_.Description as Descript2_19_0_, permission0_.Behavior as Behavior19_0_ FROM PermissionItems permission0_ WHERE permission0_.PermissionItemId=?

2012-02-25 11:35:39,687 [9] ?.lambda_method(:0) - Static select for action NHibernate.Engine.CascadingAction+RefreshCascadingAction on entity BeautySalonManagement.Domain.Permissions.PermissionItem: SELECT permission0_.PermissionItemId as Permissi1_19_0_, permission0_.Description as Descript2_19_0_, permission0_.Behavior as Behavior19_0_ FROM PermissionItems permission0_ WHERE permission0_.PermissionItemId=?

2012-02-25 11:35:39,703 [9] ?.lambda_method(:0) - Static select for collection BeautySalonManagement.Domain.Permissions.PermissionGroup.PermissionItems: SELECT permission0_.PermissionGroupId as Permissi1_1_, permission0_.PermissionItemId as Permissi2_1_, permission1_.PermissionItemId as Permissi1_19_0_, permission1_.Description as Descript2_19_0_, permission1_.Behavior as Behavior19_0_ FROM PermissionGroup_PermissionItem_Relationship permission0_ left outer join PermissionItems permission1_ on permission0_.PermissionItemId=permission1_.PermissionItemId WHERE permission0_.PermissionGroupId=?

2012-02-25 11:35:39,703 [9] ?.lambda_method(:0) - initializing class SessionFactoryObjectFactory

2012-02-25 11:35:39,703 [9] ?.lambda_method(:0) - registered: aca38354c2e64196b076e0683e96bc81(unnamed)

2012-02-25 11:35:39,703 [9] ?.lambda_method(:0) - no name configured

2012-02-25 11:35:39,703 [9] ?.lambda_method(:0) - Instantiated session factory

2012-02-25 11:35:39,703 [9] ?.lambda_method(:0) - Checking 0 named HQL queries

2012-02-25 11:35:39,703 [9] ?.lambda_method(:0) - Checking 0 named SQL queries

2012-02-25 11:35:39,703 [9] ?.lambda_method(:0) - checking mappings queue

2012-02-25 11:35:39,734 [9] ?.lambda_method(:0) - processing one-to-many association mappings

2012-02-25 11:35:39,734 [9] ?.lambda_method(:0) - processing one-to-one association property references

2012-02-25 11:35:39,734 [9] ?.lambda_method(:0) - processing foreign key constraints

2012-02-25 11:35:39,734 [9] ?.lambda_method(:0) - resolving reference to class: BeautySalonManagement.Domain.Permissions.PermissionGroup

2012-02-25 11:35:39,734 [9] ?.lambda_method(:0) - resolving reference to class: BeautySalonManagement.Domain.Permissions.PermissionItem

2012-02-25 11:35:39,734 [9] ?.lambda_method(:0) - resolving reference to class: BeautySalonManagement.Domain.Permissions.PermissionGroup

2012-02-25 11:35:39,734 [9] ?.lambda_method(:0) - processing filters (second pass)

2012-02-25 11:35:39,750 [9] ?.lambda_method(:0) - checking mappings queue

2012-02-25 11:35:39,750 [9] ?.lambda_method(:0) - processing one-to-many association mappings

2012-02-25 11:35:39,750 [9] ?.lambda_method(:0) - processing one-to-one association property references

2012-02-25 11:35:39,750 [9] ?.lambda_method(:0) - processing foreign key constraints

2012-02-25 11:35:39,750 [9] ?.lambda_method(:0) - resolving reference to class: BeautySalonManagement.Domain.Permissions.PermissionGroup

2012-02-25 11:35:39,750 [9] ?.lambda_method(:0) - resolving reference to class: BeautySalonManagement.Domain.Permissions.PermissionItem

2012-02-25 11:35:39,750 [9] ?.lambda_method(:0) - resolving reference to class: BeautySalonManagement.Domain.Permissions.PermissionGroup

2012-02-25 11:35:39,750 [9] ?.lambda_method(:0) - processing filters (second pass)

